Flow report for LAB_5_3
Thu Nov 22 00:30:12 2018
Quartus II Version 9.1 Build 350 03/24/2010 Service Pack 2 SJ Web Edition


---------------------
; Table of Contents ;
---------------------
  1. Legal Notice
  2. Flow Summary
  3. Flow Settings
  4. Flow Non-Default Global Settings
  5. Flow Elapsed Time
  6. Flow OS Summary
  7. Flow Log



----------------
; Legal Notice ;
----------------
Copyright (C) 1991-2010 Altera Corporation
Your use of Altera Corporation's design tools, logic functions 
and other software and tools, and its AMPP partner logic 
functions, and any output files from any of the foregoing 
(including device programming or simulation files), and any 
associated documentation or information are expressly subject 
to the terms and conditions of the Altera Program License 
Subscription Agreement, Altera MegaCore Function License 
Agreement, or other applicable license agreement, including, 
without limitation, that your use is for the sole purpose of 
programming logic devices manufactured by Altera and sold by 
Altera or its authorized distributors.  Please refer to the 
applicable agreement for further details.



+------------------------------------------------------------------------------+
; Flow Summary                                                                 ;
+-------------------------------+----------------------------------------------+
; Flow Status                   ; Successful - Thu Nov 22 00:30:12 2018        ;
; Quartus II Version            ; 9.1 Build 350 03/24/2010 SP 2 SJ Web Edition ;
; Revision Name                 ; LAB_5_3                                      ;
; Top-level Entity Name         ; LAB_5_3                                      ;
; Family                        ; Stratix II                                   ;
; Met timing requirements       ; No                                           ;
; Logic utilization             ; < 1 %                                        ;
;     Combinational ALUTs       ; 56 / 12,480 ( < 1 % )                        ;
;     Dedicated logic registers ; 24 / 12,480 ( < 1 % )                        ;
; Total registers               ; 24                                           ;
; Total pins                    ; 69 / 343 ( 20 % )                            ;
; Total virtual pins            ; 0                                            ;
; Total block memory bits       ; 0 / 419,328 ( 0 % )                          ;
; DSP block 9-bit elements      ; 0 / 96 ( 0 % )                               ;
; Total PLLs                    ; 0 / 6 ( 0 % )                                ;
; Total DLLs                    ; 0 / 2 ( 0 % )                                ;
; Device                        ; EP2S15F484C3                                 ;
; Timing Models                 ; Final                                        ;
+-------------------------------+----------------------------------------------+


+-----------------------------------------+
; Flow Settings                           ;
+-------------------+---------------------+
; Option            ; Setting             ;
+-------------------+---------------------+
; Start date & time ; 11/22/2018 00:30:03 ;
; Main task         ; Compilation         ;
; Revision Name     ; LAB_5_3             ;
+-------------------+---------------------+


+---------------------------------------------------------------------------------------------------------------------------------------+
; Flow Non-Default Global Settings                                                                                                      ;
+------------------------------------+---------------------------------------------------+---------------+-------------+----------------+
; Assignment Name                    ; Value                                             ; Default Value ; Entity Name ; Section Id     ;
+------------------------------------+---------------------------------------------------+---------------+-------------+----------------+
; COMPILER_SIGNATURE_ID              ; 128454787731403.154283580216288                   ; --            ; --          ; --             ;
; IP_TOOL_NAME                       ; LPM_BUSTRI                                        ; --            ; --          ; --             ;
; IP_TOOL_NAME                       ; LPM_COUNTER                                       ; --            ; --          ; --             ;
; IP_TOOL_NAME                       ; LPM_COMPARE                                       ; --            ; --          ; --             ;
; IP_TOOL_NAME                       ; LPM_MUX                                           ; --            ; --          ; --             ;
; IP_TOOL_NAME                       ; LPM_MUX                                           ; --            ; --          ; --             ;
; IP_TOOL_NAME                       ; LPM_COUNTER                                       ; --            ; --          ; --             ;
; IP_TOOL_NAME                       ; LPM_DECODE                                        ; --            ; --          ; --             ;
; IP_TOOL_NAME                       ; LPM_COMPARE                                       ; --            ; --          ; --             ;
; IP_TOOL_NAME                       ; LPM_CONSTANT                                      ; --            ; --          ; --             ;
; IP_TOOL_NAME                       ; LPM_CONSTANT                                      ; --            ; --          ; --             ;
; IP_TOOL_NAME                       ; LPM_DECODE                                        ; --            ; --          ; --             ;
; IP_TOOL_NAME                       ; LPM_COMPARE                                       ; --            ; --          ; --             ;
; IP_TOOL_NAME                       ; LPM_COUNTER                                       ; --            ; --          ; --             ;
; IP_TOOL_NAME                       ; LPM_DECODE                                        ; --            ; --          ; --             ;
; IP_TOOL_NAME                       ; LPM_DECODE                                        ; --            ; --          ; --             ;
; IP_TOOL_NAME                       ; LPM_COMPARE                                       ; --            ; --          ; --             ;
; IP_TOOL_NAME                       ; LPM_CONSTANT                                      ; --            ; --          ; --             ;
; IP_TOOL_NAME                       ; LPM_COMPARE                                       ; --            ; --          ; --             ;
; IP_TOOL_NAME                       ; LPM_COMPARE                                       ; --            ; --          ; --             ;
; IP_TOOL_NAME                       ; LPM_MUX                                           ; --            ; --          ; --             ;
; IP_TOOL_NAME                       ; LPM_COMPARE                                       ; --            ; --          ; --             ;
; IP_TOOL_VERSION                    ; 9.1                                               ; --            ; --          ; --             ;
; IP_TOOL_VERSION                    ; 9.1                                               ; --            ; --          ; --             ;
; IP_TOOL_VERSION                    ; 9.1                                               ; --            ; --          ; --             ;
; IP_TOOL_VERSION                    ; 9.1                                               ; --            ; --          ; --             ;
; IP_TOOL_VERSION                    ; 9.1                                               ; --            ; --          ; --             ;
; IP_TOOL_VERSION                    ; 9.1                                               ; --            ; --          ; --             ;
; IP_TOOL_VERSION                    ; 9.1                                               ; --            ; --          ; --             ;
; IP_TOOL_VERSION                    ; 9.1                                               ; --            ; --          ; --             ;
; IP_TOOL_VERSION                    ; 9.1                                               ; --            ; --          ; --             ;
; IP_TOOL_VERSION                    ; 9.1                                               ; --            ; --          ; --             ;
; IP_TOOL_VERSION                    ; 9.1                                               ; --            ; --          ; --             ;
; IP_TOOL_VERSION                    ; 9.1                                               ; --            ; --          ; --             ;
; IP_TOOL_VERSION                    ; 9.1                                               ; --            ; --          ; --             ;
; IP_TOOL_VERSION                    ; 9.1                                               ; --            ; --          ; --             ;
; IP_TOOL_VERSION                    ; 9.1                                               ; --            ; --          ; --             ;
; IP_TOOL_VERSION                    ; 9.1                                               ; --            ; --          ; --             ;
; IP_TOOL_VERSION                    ; 9.1                                               ; --            ; --          ; --             ;
; IP_TOOL_VERSION                    ; 9.1                                               ; --            ; --          ; --             ;
; IP_TOOL_VERSION                    ; 9.1                                               ; --            ; --          ; --             ;
; IP_TOOL_VERSION                    ; 9.1                                               ; --            ; --          ; --             ;
; IP_TOOL_VERSION                    ; 9.1                                               ; --            ; --          ; --             ;
; MISC_FILE                          ; lpm_bustri0.tdf                                   ; --            ; --          ; --             ;
; MISC_FILE                          ; lpm_bustri0.bsf                                   ; --            ; --          ; --             ;
; MISC_FILE                          ; lpm_bustri0.cmp                                   ; --            ; --          ; --             ;
; MISC_FILE                          ; lpm_counter0.tdf                                  ; --            ; --          ; --             ;
; MISC_FILE                          ; lpm_counter0.bsf                                  ; --            ; --          ; --             ;
; MISC_FILE                          ; lpm_counter0_inst.tdf                             ; --            ; --          ; --             ;
; MISC_FILE                          ; lpm_counter0.inc                                  ; --            ; --          ; --             ;
; MISC_FILE                          ; lpm_counter0.cmp                                  ; --            ; --          ; --             ;
; MISC_FILE                          ; lpm_compare0.tdf                                  ; --            ; --          ; --             ;
; MISC_FILE                          ; lpm_compare0.bsf                                  ; --            ; --          ; --             ;
; MISC_FILE                          ; lpm_compare0.cmp                                  ; --            ; --          ; --             ;
; MISC_FILE                          ; lpm_mux0.tdf                                      ; --            ; --          ; --             ;
; MISC_FILE                          ; lpm_mux0.bsf                                      ; --            ; --          ; --             ;
; MISC_FILE                          ; lpm_mux0.cmp                                      ; --            ; --          ; --             ;
; MISC_FILE                          ; lpm_mux1.tdf                                      ; --            ; --          ; --             ;
; MISC_FILE                          ; lpm_mux1.bsf                                      ; --            ; --          ; --             ;
; MISC_FILE                          ; lpm_mux1_inst.tdf                                 ; --            ; --          ; --             ;
; MISC_FILE                          ; lpm_mux1.inc                                      ; --            ; --          ; --             ;
; MISC_FILE                          ; lpm_mux1.cmp                                      ; --            ; --          ; --             ;
; MISC_FILE                          ; lpm_counter1.tdf                                  ; --            ; --          ; --             ;
; MISC_FILE                          ; lpm_counter1.bsf                                  ; --            ; --          ; --             ;
; MISC_FILE                          ; lpm_counter1.cmp                                  ; --            ; --          ; --             ;
; MISC_FILE                          ; ../../../../Desktop/LAB_5_2/lpm_decode1.tdf       ; --            ; --          ; --             ;
; MISC_FILE                          ; ../../../../Desktop/LAB_5_2/lpm_decode1.bsf       ; --            ; --          ; --             ;
; MISC_FILE                          ; ../../../../Desktop/LAB_5_2/lpm_decode1.cmp       ; --            ; --          ; --             ;
; MISC_FILE                          ; ../../../../Desktop/LAB_5_2/lpm_compare1.tdf      ; --            ; --          ; --             ;
; MISC_FILE                          ; ../../../../Desktop/LAB_5_2/lpm_compare1.bsf      ; --            ; --          ; --             ;
; MISC_FILE                          ; ../../../../Desktop/LAB_5_2/lpm_compare1.cmp      ; --            ; --          ; --             ;
; MISC_FILE                          ; lpm_constant0.tdf                                 ; --            ; --          ; --             ;
; MISC_FILE                          ; lpm_constant0.bsf                                 ; --            ; --          ; --             ;
; MISC_FILE                          ; lpm_constant0.cmp                                 ; --            ; --          ; --             ;
; MISC_FILE                          ; ../../../../Desktop/LAB_5_2/lpm_constant1.tdf     ; --            ; --          ; --             ;
; MISC_FILE                          ; ../../../../Desktop/LAB_5_2/lpm_constant1.bsf     ; --            ; --          ; --             ;
; MISC_FILE                          ; ../../../../Desktop/LAB_5_2/lpm_constant1.cmp     ; --            ; --          ; --             ;
; MISC_FILE                          ; ../../../../Desktop/LAB_5_2/lpm_decode2.tdf       ; --            ; --          ; --             ;
; MISC_FILE                          ; ../../../../Desktop/LAB_5_2/lpm_decode2.bsf       ; --            ; --          ; --             ;
; MISC_FILE                          ; ../../../../Desktop/LAB_5_2/lpm_decode2.cmp       ; --            ; --          ; --             ;
; MISC_FILE                          ; ../../../../Desktop/LAB_5_2/lpm_compare2.tdf      ; --            ; --          ; --             ;
; MISC_FILE                          ; ../../../../Desktop/LAB_5_2/lpm_compare2.bsf      ; --            ; --          ; --             ;
; MISC_FILE                          ; ../../../../Desktop/LAB_5_2/lpm_compare2.cmp      ; --            ; --          ; --             ;
; MISC_FILE                          ; lpm_counter3.tdf                                  ; --            ; --          ; --             ;
; MISC_FILE                          ; lpm_counter3.bsf                                  ; --            ; --          ; --             ;
; MISC_FILE                          ; lpm_counter3_inst.tdf                             ; --            ; --          ; --             ;
; MISC_FILE                          ; lpm_counter3.inc                                  ; --            ; --          ; --             ;
; MISC_FILE                          ; lpm_counter3.cmp                                  ; --            ; --          ; --             ;
; MISC_FILE                          ; ../../../../Desktop/LAB_5_2/lpm_decode3.tdf       ; --            ; --          ; --             ;
; MISC_FILE                          ; ../../../../Desktop/LAB_5_2/lpm_decode3.bsf       ; --            ; --          ; --             ;
; MISC_FILE                          ; ../../../../Desktop/LAB_5_2/lpm_decode3.cmp       ; --            ; --          ; --             ;
; MISC_FILE                          ; lpm_decode0.tdf                                   ; --            ; --          ; --             ;
; MISC_FILE                          ; lpm_decode0.bsf                                   ; --            ; --          ; --             ;
; MISC_FILE                          ; lpm_decode0_inst.tdf                              ; --            ; --          ; --             ;
; MISC_FILE                          ; lpm_decode0.inc                                   ; --            ; --          ; --             ;
; MISC_FILE                          ; lpm_decode0.cmp                                   ; --            ; --          ; --             ;
; MISC_FILE                          ; lpm_compare1.tdf                                  ; --            ; --          ; --             ;
; MISC_FILE                          ; lpm_compare1.bsf                                  ; --            ; --          ; --             ;
; MISC_FILE                          ; lpm_compare1_inst.tdf                             ; --            ; --          ; --             ;
; MISC_FILE                          ; lpm_compare1.inc                                  ; --            ; --          ; --             ;
; MISC_FILE                          ; lpm_compare1.cmp                                  ; --            ; --          ; --             ;
; MISC_FILE                          ; lpm_compare1_syn.v                                ; --            ; --          ; --             ;
; MISC_FILE                          ; lpm_constant1.tdf                                 ; --            ; --          ; --             ;
; MISC_FILE                          ; lpm_constant1.bsf                                 ; --            ; --          ; --             ;
; MISC_FILE                          ; lpm_constant1_inst.tdf                            ; --            ; --          ; --             ;
; MISC_FILE                          ; lpm_constant1.inc                                 ; --            ; --          ; --             ;
; MISC_FILE                          ; lpm_constant1.cmp                                 ; --            ; --          ; --             ;
; MISC_FILE                          ; ../../../../Desktop/LAB_5_2/lpm_compare3.tdf      ; --            ; --          ; --             ;
; MISC_FILE                          ; ../../../../Desktop/LAB_5_2/lpm_compare3.bsf      ; --            ; --          ; --             ;
; MISC_FILE                          ; ../../../../Desktop/LAB_5_2/lpm_compare3_inst.tdf ; --            ; --          ; --             ;
; MISC_FILE                          ; ../../../../Desktop/LAB_5_2/lpm_compare3.inc      ; --            ; --          ; --             ;
; MISC_FILE                          ; ../../../../Desktop/LAB_5_2/lpm_compare3.cmp      ; --            ; --          ; --             ;
; MISC_FILE                          ; lpm_compare2.tdf                                  ; --            ; --          ; --             ;
; MISC_FILE                          ; lpm_compare2.bsf                                  ; --            ; --          ; --             ;
; MISC_FILE                          ; lpm_compare2_inst.tdf                             ; --            ; --          ; --             ;
; MISC_FILE                          ; lpm_compare2.inc                                  ; --            ; --          ; --             ;
; MISC_FILE                          ; lpm_compare2.cmp                                  ; --            ; --          ; --             ;
; MISC_FILE                          ; lpm_compare2_syn.v                                ; --            ; --          ; --             ;
; MISC_FILE                          ; ../../../../Desktop/LAB_5_2/lpm_mux1.tdf          ; --            ; --          ; --             ;
; MISC_FILE                          ; ../../../../Desktop/LAB_5_2/lpm_mux1.bsf          ; --            ; --          ; --             ;
; MISC_FILE                          ; ../../../../Desktop/LAB_5_2/lpm_mux1_inst.tdf     ; --            ; --          ; --             ;
; MISC_FILE                          ; ../../../../Desktop/LAB_5_2/lpm_mux1.inc          ; --            ; --          ; --             ;
; MISC_FILE                          ; ../../../../Desktop/LAB_5_2/lpm_mux1.cmp          ; --            ; --          ; --             ;
; MISC_FILE                          ; lpm_compare3.tdf                                  ; --            ; --          ; --             ;
; MISC_FILE                          ; lpm_compare3.bsf                                  ; --            ; --          ; --             ;
; MISC_FILE                          ; lpm_compare3_inst.tdf                             ; --            ; --          ; --             ;
; MISC_FILE                          ; lpm_compare3.inc                                  ; --            ; --          ; --             ;
; MISC_FILE                          ; lpm_compare3.cmp                                  ; --            ; --          ; --             ;
; PARTITION_COLOR                    ; 16764057                                          ; --            ; --          ; Top            ;
; PARTITION_NETLIST_TYPE             ; SOURCE                                            ; --            ; --          ; Top            ;
; USE_GENERATED_PHYSICAL_CONSTRAINTS ; Off                                               ; --            ; --          ; eda_blast_fpga ;
+------------------------------------+---------------------------------------------------+---------------+-------------+----------------+


+-----------------------------------------------------------------------------------------------------------------------------+
; Flow Elapsed Time                                                                                                           ;
+-------------------------+--------------+-------------------------+---------------------+------------------------------------+
; Module Name             ; Elapsed Time ; Average Processors Used ; Peak Virtual Memory ; Total CPU Time (on all processors) ;
+-------------------------+--------------+-------------------------+---------------------+------------------------------------+
; Analysis & Synthesis    ; 00:00:02     ; 1.0                     ; 255 MB              ; 00:00:03                           ;
; Fitter                  ; 00:00:04     ; 1.0                     ; 291 MB              ; 00:00:04                           ;
; Assembler               ; 00:00:01     ; 1.0                     ; 254 MB              ; 00:00:01                           ;
; Classic Timing Analyzer ; 00:00:00     ; 1.0                     ; 184 MB              ; 00:00:00                           ;
; Total                   ; 00:00:07     ; --                      ; --                  ; 00:00:08                           ;
+-------------------------+--------------+-------------------------+---------------------+------------------------------------+


+------------------------------------------------------------------------------------------+
; Flow OS Summary                                                                          ;
+-------------------------+------------------+---------------+------------+----------------+
; Module Name             ; Machine Hostname ; OS Name       ; OS Version ; Processor type ;
+-------------------------+------------------+---------------+------------+----------------+
; Analysis & Synthesis    ; RostislavPC      ; Windows Vista ; 6.2        ; x86_64         ;
; Fitter                  ; RostislavPC      ; Windows Vista ; 6.2        ; x86_64         ;
; Assembler               ; RostislavPC      ; Windows Vista ; 6.2        ; x86_64         ;
; Classic Timing Analyzer ; RostislavPC      ; Windows Vista ; 6.2        ; x86_64         ;
+-------------------------+------------------+---------------+------------+----------------+


------------
; Flow Log ;
------------
quartus_map --read_settings_files=on --write_settings_files=off LAB_5_3 -c LAB_5_3
quartus_fit --read_settings_files=off --write_settings_files=off LAB_5_3 -c LAB_5_3
quartus_asm --read_settings_files=off --write_settings_files=off LAB_5_3 -c LAB_5_3
quartus_tan --read_settings_files=off --write_settings_files=off LAB_5_3 -c LAB_5_3 --timing_analysis_only



