MIF/HEX Update report for LAB2
Mon Sep 24 19:55:05 2018
Quartus II Version 9.1 Build 222 10/21/2009 SJ Web Edition


---------------------
; Table of Contents ;
---------------------
  1. Legal Notice
  2. MIF/HEX Update Summary
  3. MIF/HEX Update Processed Files
  4. MIF/HEX Update Messages



----------------
; Legal Notice ;
----------------
Copyright (C) 1991-2009 Altera Corporation
Your use of Altera Corporation's design tools, logic functions 
and other software and tools, and its AMPP partner logic 
functions, and any output files from any of the foregoing 
(including device programming or simulation files), and any 
associated documentation or information are expressly subject 
to the terms and conditions of the Altera Program License 
Subscription Agreement, Altera MegaCore Function License 
Agreement, or other applicable license agreement, including, 
without limitation, that your use is for the sole purpose of 
programming logic devices manufactured by Altera and sold by 
Altera or its authorized distributors.  Please refer to the 
applicable agreement for further details.



+-----------------------------------------------------------+
; MIF/HEX Update Summary                                    ;
+-----------------------+-----------------------------------+
; MIF/HEX Update Status ; Failed - Mon Sep 24 19:55:05 2018 ;
; Revision Name         ; LAB2                              ;
; Top-level Entity Name ; LAB2                              ;
; Family                ; Stratix II                        ;
; Device                ; EP2S15F484C3                      ;
+-----------------------+-----------------------------------+


+--------------------------------+
; MIF/HEX Update Processed Files ;
+--------------------------------+
; File Name                      ;
+--------------------------------+


+-------------------------+
; MIF/HEX Update Messages ;
+-------------------------+
Info: *******************************************************************
Info: Running Quartus II MIF/HEX Update
    Info: Version 9.1 Build 222 10/21/2009 SJ Web Edition
    Info: Processing started: Mon Sep 24 19:55:05 2018
Info: Command: quartus_cdb LAB2 -c LAB2 --update_mif
Error: Found no Memory Initialization Files to process
Error: Quartus II MIF/HEX Update was unsuccessful. 1 error, 0 warnings
    Error: Peak virtual memory: 232 megabytes
    Error: Processing ended: Mon Sep 24 19:55:05 2018
    Error: Elapsed time: 00:00:00
    Error: Total CPU time (on all processors): 00:00:00


