Analysis & Synthesis report for LAB3
Thu Oct 25 19:39:55 2018
Quartus II Version 9.1 Build 222 10/21/2009 SJ Web Edition


---------------------
; Table of Contents ;
---------------------
  1. Legal Notice
  2. Analysis & Synthesis Summary
  3. Analysis & Synthesis Settings
  4. Parallel Compilation
  5. Analysis & Synthesis Source Files Read
  6. Analysis & Synthesis Resource Usage Summary
  7. Analysis & Synthesis Resource Utilization by Entity
  8. Analysis & Synthesis RAM Summary
  9. General Register Statistics
 10. Source assignments for lpm_counter2:inst27|lpm_counter:lpm_counter_component
 11. Source assignments for lpm_counter0:counter0|lpm_counter:lpm_counter_component
 12. Source assignments for LPM_RAM_IO:inst2|altram:sram|altsyncram:ram_block|altsyncram_17a1:auto_generated
 13. Source assignments for lpm_rom1:inst1|altsyncram:altsyncram_component|altsyncram_fk71:auto_generated
 14. Parameter Settings for User Entity Instance: lpm_counter2:inst27|lpm_counter:lpm_counter_component
 15. Parameter Settings for User Entity Instance: lpm_decode0:inst|lpm_decode:lpm_decode_component
 16. Parameter Settings for User Entity Instance: lpm_counter0:counter0|lpm_counter:lpm_counter_component
 17. Parameter Settings for User Entity Instance: lpm_mux0:inst26|lpm_mux:lpm_mux_component
 18. Parameter Settings for User Entity Instance: lpm_bustri0:inst7|lpm_bustri:lpm_bustri_component
 19. Parameter Settings for User Entity Instance: lpm_dff0:inst4|lpm_ff:lpm_ff_component
 20. Parameter Settings for User Entity Instance: lpm_bustri0:inst8|lpm_bustri:lpm_bustri_component
 21. Parameter Settings for User Entity Instance: lpm_dff0:inst6|lpm_ff:lpm_ff_component
 22. Parameter Settings for User Entity Instance: lpm_bustri0:inst9|lpm_bustri:lpm_bustri_component
 23. Parameter Settings for User Entity Instance: lpm_dff0:inst5|lpm_ff:lpm_ff_component
 24. Parameter Settings for User Entity Instance: LPM_RAM_IO:inst2
 25. Parameter Settings for User Entity Instance: lpm_bustri0:inst11|lpm_bustri:lpm_bustri_component
 26. Parameter Settings for User Entity Instance: lpm_rom1:inst1
 27. Parameter Settings for User Entity Instance: lpm_rom1:inst1|altsyncram:altsyncram_component
 28. altsyncram Parameter Settings by Entity Instance
 29. Analysis & Synthesis Messages



----------------
; Legal Notice ;
----------------
Copyright (C) 1991-2009 Altera Corporation
Your use of Altera Corporation's design tools, logic functions 
and other software and tools, and its AMPP partner logic 
functions, and any output files from any of the foregoing 
(including device programming or simulation files), and any 
associated documentation or information are expressly subject 
to the terms and conditions of the Altera Program License 
Subscription Agreement, Altera MegaCore Function License 
Agreement, or other applicable license agreement, including, 
without limitation, that your use is for the sole purpose of 
programming logic devices manufactured by Altera and sold by 
Altera or its authorized distributors.  Please refer to the 
applicable agreement for further details.



+-------------------------------------------------------------------------+
; Analysis & Synthesis Summary                                            ;
+-------------------------------+-----------------------------------------+
; Analysis & Synthesis Status   ; Successful - Thu Oct 25 19:39:55 2018   ;
; Quartus II Version            ; 9.1 Build 222 10/21/2009 SJ Web Edition ;
; Revision Name                 ; LAB3                                    ;
; Top-level Entity Name         ; LAB3                                    ;
; Family                        ; Stratix II                              ;
; Logic utilization             ; N/A                                     ;
;     Combinational ALUTs       ; 45                                      ;
;     Dedicated logic registers ; 39                                      ;
; Total registers               ; 39                                      ;
; Total pins                    ; 22                                      ;
; Total virtual pins            ; 0                                       ;
; Total block memory bits       ; 1,536                                   ;
; DSP block 9-bit elements      ; 0                                       ;
; Total PLLs                    ; 0                                       ;
; Total DLLs                    ; 0                                       ;
+-------------------------------+-----------------------------------------+


+----------------------------------------------------------------------------------------------------------------------+
; Analysis & Synthesis Settings                                                                                        ;
+----------------------------------------------------------------------------+--------------------+--------------------+
; Option                                                                     ; Setting            ; Default Value      ;
+----------------------------------------------------------------------------+--------------------+--------------------+
; Top-level entity name                                                      ; LAB3               ; LAB3               ;
; Family name                                                                ; Stratix II         ; Stratix II         ;
; Use Generated Physical Constraints File                                    ; Off                ;                    ;
; Use smart compilation                                                      ; Off                ; Off                ;
; Enable parallel Assembler and TimeQuest Timing Analyzer during compilation ; On                 ; On                 ;
; Enable compact report table                                                ; Off                ; Off                ;
; Restructure Multiplexers                                                   ; Auto               ; Auto               ;
; Create Debugging Nodes for IP Cores                                        ; Off                ; Off                ;
; Preserve fewer node names                                                  ; On                 ; On                 ;
; Disable OpenCore Plus hardware evaluation                                  ; Off                ; Off                ;
; Verilog Version                                                            ; Verilog_2001       ; Verilog_2001       ;
; VHDL Version                                                               ; VHDL_1993          ; VHDL_1993          ;
; State Machine Processing                                                   ; Auto               ; Auto               ;
; Safe State Machine                                                         ; Off                ; Off                ;
; Extract Verilog State Machines                                             ; On                 ; On                 ;
; Extract VHDL State Machines                                                ; On                 ; On                 ;
; Ignore Verilog initial constructs                                          ; Off                ; Off                ;
; Iteration limit for constant Verilog loops                                 ; 5000               ; 5000               ;
; Iteration limit for non-constant Verilog loops                             ; 250                ; 250                ;
; Add Pass-Through Logic to Inferred RAMs                                    ; On                 ; On                 ;
; Parallel Synthesis                                                         ; On                 ; On                 ;
; DSP Block Balancing                                                        ; Auto               ; Auto               ;
; NOT Gate Push-Back                                                         ; On                 ; On                 ;
; Power-Up Don't Care                                                        ; On                 ; On                 ;
; Remove Redundant Logic Cells                                               ; Off                ; Off                ;
; Remove Duplicate Registers                                                 ; On                 ; On                 ;
; Ignore CARRY Buffers                                                       ; Off                ; Off                ;
; Ignore CASCADE Buffers                                                     ; Off                ; Off                ;
; Ignore GLOBAL Buffers                                                      ; Off                ; Off                ;
; Ignore ROW GLOBAL Buffers                                                  ; Off                ; Off                ;
; Ignore LCELL Buffers                                                       ; Off                ; Off                ;
; Ignore SOFT Buffers                                                        ; On                 ; On                 ;
; Limit AHDL Integers to 32 Bits                                             ; Off                ; Off                ;
; Optimization Technique                                                     ; Balanced           ; Balanced           ;
; Carry Chain Length                                                         ; 70                 ; 70                 ;
; Auto Carry Chains                                                          ; On                 ; On                 ;
; Auto Open-Drain Pins                                                       ; On                 ; On                 ;
; Perform WYSIWYG Primitive Resynthesis                                      ; Off                ; Off                ;
; Auto ROM Replacement                                                       ; On                 ; On                 ;
; Auto RAM Replacement                                                       ; On                 ; On                 ;
; Auto DSP Block Replacement                                                 ; On                 ; On                 ;
; Auto Shift Register Replacement                                            ; Auto               ; Auto               ;
; Auto Clock Enable Replacement                                              ; On                 ; On                 ;
; Strict RAM Replacement                                                     ; Off                ; Off                ;
; Allow Synchronous Control Signals                                          ; On                 ; On                 ;
; Force Use of Synchronous Clear Signals                                     ; Off                ; Off                ;
; Auto RAM Block Balancing                                                   ; On                 ; On                 ;
; Auto RAM to Logic Cell Conversion                                          ; Off                ; Off                ;
; Auto Resource Sharing                                                      ; Off                ; Off                ;
; Allow Any RAM Size For Recognition                                         ; Off                ; Off                ;
; Allow Any ROM Size For Recognition                                         ; Off                ; Off                ;
; Allow Any Shift Register Size For Recognition                              ; Off                ; Off                ;
; Use LogicLock Constraints during Resource Balancing                        ; On                 ; On                 ;
; Ignore translate_off and synthesis_off directives                          ; Off                ; Off                ;
; Timing-Driven Synthesis                                                    ; Off                ; Off                ;
; Show Parameter Settings Tables in Synthesis Report                         ; On                 ; On                 ;
; Ignore Maximum Fan-Out Assignments                                         ; Off                ; Off                ;
; Synchronization Register Chain Length                                      ; 2                  ; 2                  ;
; PowerPlay Power Optimization                                               ; Normal compilation ; Normal compilation ;
; HDL message level                                                          ; Level2             ; Level2             ;
; Suppress Register Optimization Related Messages                            ; Off                ; Off                ;
; Number of Removed Registers Reported in Synthesis Report                   ; 100                ; 100                ;
; Number of Inverted Registers Reported in Synthesis Report                  ; 100                ; 100                ;
; Clock MUX Protection                                                       ; On                 ; On                 ;
; Auto Gated Clock Conversion                                                ; Off                ; Off                ;
; Block Design Naming                                                        ; Auto               ; Auto               ;
; SDC constraint protection                                                  ; Off                ; Off                ;
; Synthesis Effort                                                           ; Auto               ; Auto               ;
; Shift Register Replacement - Allow Asynchronous Clear Signal               ; On                 ; On                 ;
; Analysis & Synthesis Message Level                                         ; Medium             ; Medium             ;
; Disable Register Merging Across Hierarchies                                ; Auto               ; Auto               ;
; Resource Aware Inference For Block RAM                                     ; On                 ; On                 ;
+----------------------------------------------------------------------------+--------------------+--------------------+


Parallel compilation was disabled, but you have multiple processors available. Enable parallel compilation to reduce compilation time.
+-------------------------------------+
; Parallel Compilation                ;
+----------------------------+--------+
; Processors                 ; Number ;
+----------------------------+--------+
; Number detected on machine ; 2      ;
; Maximum allowed            ; 1      ;
+----------------------------+--------+


+--------------------------------------------------------------------------------------------------------------------------------------------------------------------+
; Analysis & Synthesis Source Files Read                                                                                                                             ;
+----------------------------------+-----------------+---------------------------------------+-----------------------------------------------------------------------+
; File Name with User-Entered Path ; Used in Netlist ; File Type                             ; File Name with Absolute Path                                          ;
+----------------------------------+-----------------+---------------------------------------+-----------------------------------------------------------------------+
; LAB3.bdf                         ; yes             ; User Block Diagram/Schematic File     ; C:/Users/rosti/Documents/GitHub/safo-2018/LAB3/LAB3.bdf               ;
; memory/rom.hex                   ; yes             ; User Hexadecimal (Intel-Format) File  ; C:/Users/rosti/Documents/GitHub/safo-2018/LAB3/memory/rom.hex         ;
; memory/ram.hex                   ; yes             ; User Hexadecimal (Intel-Format) File  ; C:/Users/rosti/Documents/GitHub/safo-2018/LAB3/memory/ram.hex         ;
; lpm_counter2.tdf                 ; yes             ; Auto-Found Wizard-Generated File      ; C:/Users/rosti/Documents/GitHub/safo-2018/LAB3/lpm_counter2.tdf       ;
; lpm_counter.inc                  ; yes             ; Megafunction                          ; c:/quartus/quartus/libraries/megafunctions/lpm_counter.inc            ;
; lpm_counter.tdf                  ; yes             ; Megafunction                          ; c:/quartus/quartus/libraries/megafunctions/lpm_counter.tdf            ;
; lpm_decode.inc                   ; yes             ; Megafunction                          ; c:/quartus/quartus/libraries/megafunctions/lpm_decode.inc             ;
; db/cntr_ali.tdf                  ; yes             ; Auto-Generated Megafunction           ; C:/Users/rosti/Documents/GitHub/safo-2018/LAB3/db/cntr_ali.tdf        ;
; lpm_decode0.tdf                  ; yes             ; Auto-Found Wizard-Generated File      ; C:/Users/rosti/Documents/GitHub/safo-2018/LAB3/lpm_decode0.tdf        ;
; lpm_decode.tdf                   ; yes             ; Megafunction                          ; c:/quartus/quartus/libraries/megafunctions/lpm_decode.tdf             ;
; db/decode_67h.tdf                ; yes             ; Auto-Generated Megafunction           ; C:/Users/rosti/Documents/GitHub/safo-2018/LAB3/db/decode_67h.tdf      ;
; lpm_counter0.tdf                 ; yes             ; Auto-Found Wizard-Generated File      ; C:/Users/rosti/Documents/GitHub/safo-2018/LAB3/lpm_counter0.tdf       ;
; db/cntr_qlh.tdf                  ; yes             ; Auto-Generated Megafunction           ; C:/Users/rosti/Documents/GitHub/safo-2018/LAB3/db/cntr_qlh.tdf        ;
; lpm_mux0.tdf                     ; yes             ; Auto-Found Wizard-Generated File      ; C:/Users/rosti/Documents/GitHub/safo-2018/LAB3/lpm_mux0.tdf           ;
; lpm_mux.inc                      ; yes             ; Megafunction                          ; c:/quartus/quartus/libraries/megafunctions/lpm_mux.inc                ;
; lpm_mux.tdf                      ; yes             ; Megafunction                          ; c:/quartus/quartus/libraries/megafunctions/lpm_mux.tdf                ;
; db/mux_nnc.tdf                   ; yes             ; Auto-Generated Megafunction           ; C:/Users/rosti/Documents/GitHub/safo-2018/LAB3/db/mux_nnc.tdf         ;
; lpm_bustri0.tdf                  ; yes             ; Auto-Found Wizard-Generated File      ; C:/Users/rosti/Documents/GitHub/safo-2018/LAB3/lpm_bustri0.tdf        ;
; lpm_bustri.inc                   ; yes             ; Auto-Found AHDL File                  ; c:/quartus/quartus/libraries/megafunctions/lpm_bustri.inc             ;
; lpm_bustri.tdf                   ; yes             ; Megafunction                          ; c:/quartus/quartus/libraries/megafunctions/lpm_bustri.tdf             ;
; lpm_dff0.tdf                     ; yes             ; Auto-Found Wizard-Generated File      ; C:/Users/rosti/Documents/GitHub/safo-2018/LAB3/lpm_dff0.tdf           ;
; lpm_ff.inc                       ; yes             ; Auto-Found AHDL File                  ; c:/quartus/quartus/libraries/megafunctions/lpm_ff.inc                 ;
; lpm_ff.tdf                       ; yes             ; Megafunction                          ; c:/quartus/quartus/libraries/megafunctions/lpm_ff.tdf                 ;
; lpm_ram_io.tdf                   ; yes             ; Megafunction                          ; c:/quartus/quartus/libraries/megafunctions/lpm_ram_io.tdf             ;
; altram.tdf                       ; yes             ; Megafunction                          ; c:/quartus/quartus/libraries/megafunctions/altram.tdf                 ;
; altsyncram.inc                   ; yes             ; Megafunction                          ; c:/quartus/quartus/libraries/megafunctions/altsyncram.inc             ;
; altsyncram.tdf                   ; yes             ; Megafunction                          ; c:/quartus/quartus/libraries/megafunctions/altsyncram.tdf             ;
; db/altsyncram_17a1.tdf           ; yes             ; Auto-Generated Megafunction           ; C:/Users/rosti/Documents/GitHub/safo-2018/LAB3/db/altsyncram_17a1.tdf ;
; lpm_rom1.tdf                     ; yes             ; Auto-Found Wizard-Generated File      ; C:/Users/rosti/Documents/GitHub/safo-2018/LAB3/lpm_rom1.tdf           ;
; db/altsyncram_fk71.tdf           ; yes             ; Auto-Generated Megafunction           ; C:/Users/rosti/Documents/GitHub/safo-2018/LAB3/db/altsyncram_fk71.tdf ;
+----------------------------------+-----------------+---------------------------------------+-----------------------------------------------------------------------+


+-----------------------------------------------------------+
; Analysis & Synthesis Resource Usage Summary               ;
+-----------------------------------------------+-----------+
; Resource                                      ; Usage     ;
+-----------------------------------------------+-----------+
; Estimated ALUTs Used                          ; 45        ;
; Dedicated logic registers                     ; 39        ;
;                                               ;           ;
; Estimated ALUTs Unavailable                   ; 5         ;
;                                               ;           ;
; Total combinational functions                 ; 45        ;
; Combinational ALUT usage by number of inputs  ;           ;
;     -- 7 input functions                      ; 0         ;
;     -- 6 input functions                      ; 13        ;
;     -- 5 input functions                      ; 6         ;
;     -- 4 input functions                      ; 13        ;
;     -- <=3 input functions                    ; 13        ;
;                                               ;           ;
; Combinational ALUTs by mode                   ;           ;
;     -- normal mode                            ; 34        ;
;     -- extended LUT mode                      ; 0         ;
;     -- arithmetic mode                        ; 11        ;
;     -- shared arithmetic mode                 ; 0         ;
;                                               ;           ;
; Estimated ALUT/register pairs used            ; 60        ;
;                                               ;           ;
; Total registers                               ; 39        ;
;     -- Dedicated logic registers              ; 39        ;
;     -- I/O registers                          ; 0         ;
;                                               ;           ;
; Estimated ALMs:  partially or completely used ; 30        ;
;                                               ;           ;
; I/O pins                                      ; 22        ;
; Total block memory bits                       ; 1536      ;
; Maximum fan-out node                          ; CLK_INPUT ;
; Maximum fan-out                               ; 33        ;
; Total fan-out                                 ; 404       ;
; Average fan-out                               ; 3.42      ;
+-----------------------------------------------+-----------+


+------------------------------------------------------------------------------------------------------------------------------------------------------------------------------------------------------------------------------------------------------------------------------------+
; Analysis & Synthesis Resource Utilization by Entity                                                                                                                                                                                                                                ;
+----------------------------------------------+-------------------+--------------+-------------------+--------------+---------+-----------+-----------+------+--------------+----------------------------------------------------------------------------------------+--------------+
; Compilation Hierarchy Node                   ; LC Combinationals ; LC Registers ; Block Memory Bits ; DSP Elements ; DSP 9x9 ; DSP 18x18 ; DSP 36x36 ; Pins ; Virtual Pins ; Full Hierarchy Name                                                                    ; Library Name ;
+----------------------------------------------+-------------------+--------------+-------------------+--------------+---------+-----------+-----------+------+--------------+----------------------------------------------------------------------------------------+--------------+
; |LAB3                                        ; 45 (3)            ; 39 (0)       ; 1536              ; 0            ; 0       ; 0         ; 0         ; 22   ; 0            ; |LAB3                                                                                  ; work         ;
;    |lpm_counter0:counter0|                   ; 4 (0)             ; 4 (0)        ; 0                 ; 0            ; 0       ; 0         ; 0         ; 0    ; 0            ; |LAB3|lpm_counter0:counter0                                                            ; work         ;
;       |lpm_counter:lpm_counter_component|    ; 4 (0)             ; 4 (0)        ; 0                 ; 0            ; 0       ; 0         ; 0         ; 0    ; 0            ; |LAB3|lpm_counter0:counter0|lpm_counter:lpm_counter_component                          ; work         ;
;          |cntr_qlh:auto_generated|           ; 4 (4)             ; 4 (4)        ; 0                 ; 0            ; 0       ; 0         ; 0         ; 0    ; 0            ; |LAB3|lpm_counter0:counter0|lpm_counter:lpm_counter_component|cntr_qlh:auto_generated  ; work         ;
;    |lpm_counter2:inst27|                     ; 7 (0)             ; 7 (0)        ; 0                 ; 0            ; 0       ; 0         ; 0         ; 0    ; 0            ; |LAB3|lpm_counter2:inst27                                                              ;              ;
;       |lpm_counter:lpm_counter_component|    ; 7 (0)             ; 7 (0)        ; 0                 ; 0            ; 0       ; 0         ; 0         ; 0    ; 0            ; |LAB3|lpm_counter2:inst27|lpm_counter:lpm_counter_component                            ; work         ;
;          |cntr_ali:auto_generated|           ; 7 (7)             ; 7 (7)        ; 0                 ; 0            ; 0       ; 0         ; 0         ; 0    ; 0            ; |LAB3|lpm_counter2:inst27|lpm_counter:lpm_counter_component|cntr_ali:auto_generated    ; work         ;
;    |lpm_decode0:inst|                        ; 10 (0)            ; 10 (0)       ; 0                 ; 0            ; 0       ; 0         ; 0         ; 0    ; 0            ; |LAB3|lpm_decode0:inst                                                                 ; work         ;
;       |lpm_decode:lpm_decode_component|      ; 10 (0)            ; 10 (0)       ; 0                 ; 0            ; 0       ; 0         ; 0         ; 0    ; 0            ; |LAB3|lpm_decode0:inst|lpm_decode:lpm_decode_component                                 ; work         ;
;          |decode_67h:auto_generated|         ; 10 (10)           ; 10 (10)      ; 0                 ; 0            ; 0       ; 0         ; 0         ; 0    ; 0            ; |LAB3|lpm_decode0:inst|lpm_decode:lpm_decode_component|decode_67h:auto_generated       ; work         ;
;    |lpm_dff0:inst4|                          ; 0 (0)             ; 6 (0)        ; 0                 ; 0            ; 0       ; 0         ; 0         ; 0    ; 0            ; |LAB3|lpm_dff0:inst4                                                                   ; work         ;
;       |lpm_ff:lpm_ff_component|              ; 0 (0)             ; 6 (6)        ; 0                 ; 0            ; 0       ; 0         ; 0         ; 0    ; 0            ; |LAB3|lpm_dff0:inst4|lpm_ff:lpm_ff_component                                           ; work         ;
;    |lpm_dff0:inst5|                          ; 0 (0)             ; 6 (0)        ; 0                 ; 0            ; 0       ; 0         ; 0         ; 0    ; 0            ; |LAB3|lpm_dff0:inst5                                                                   ; work         ;
;       |lpm_ff:lpm_ff_component|              ; 0 (0)             ; 6 (6)        ; 0                 ; 0            ; 0       ; 0         ; 0         ; 0    ; 0            ; |LAB3|lpm_dff0:inst5|lpm_ff:lpm_ff_component                                           ; work         ;
;    |lpm_dff0:inst6|                          ; 0 (0)             ; 6 (0)        ; 0                 ; 0            ; 0       ; 0         ; 0         ; 0    ; 0            ; |LAB3|lpm_dff0:inst6                                                                   ; work         ;
;       |lpm_ff:lpm_ff_component|              ; 0 (0)             ; 6 (6)        ; 0                 ; 0            ; 0       ; 0         ; 0         ; 0    ; 0            ; |LAB3|lpm_dff0:inst6|lpm_ff:lpm_ff_component                                           ; work         ;
;    |lpm_ram_io:inst2|                        ; 21 (21)           ; 0 (0)        ; 768               ; 0            ; 0       ; 0         ; 0         ; 0    ; 0            ; |LAB3|lpm_ram_io:inst2                                                                 ; work         ;
;       |altram:sram|                          ; 0 (0)             ; 0 (0)        ; 768               ; 0            ; 0       ; 0         ; 0         ; 0    ; 0            ; |LAB3|lpm_ram_io:inst2|altram:sram                                                     ; work         ;
;          |altsyncram:ram_block|              ; 0 (0)             ; 0 (0)        ; 768               ; 0            ; 0       ; 0         ; 0         ; 0    ; 0            ; |LAB3|lpm_ram_io:inst2|altram:sram|altsyncram:ram_block                                ; work         ;
;             |altsyncram_17a1:auto_generated| ; 0 (0)             ; 0 (0)        ; 768               ; 0            ; 0       ; 0         ; 0         ; 0    ; 0            ; |LAB3|lpm_ram_io:inst2|altram:sram|altsyncram:ram_block|altsyncram_17a1:auto_generated ; work         ;
;    |lpm_rom1:inst1|                          ; 0 (0)             ; 0 (0)        ; 768               ; 0            ; 0       ; 0         ; 0         ; 0    ; 0            ; |LAB3|lpm_rom1:inst1                                                                   ;              ;
;       |altsyncram:altsyncram_component|      ; 0 (0)             ; 0 (0)        ; 768               ; 0            ; 0       ; 0         ; 0         ; 0    ; 0            ; |LAB3|lpm_rom1:inst1|altsyncram:altsyncram_component                                   ;              ;
;          |altsyncram_fk71:auto_generated|    ; 0 (0)             ; 0 (0)        ; 768               ; 0            ; 0       ; 0         ; 0         ; 0    ; 0            ; |LAB3|lpm_rom1:inst1|altsyncram:altsyncram_component|altsyncram_fk71:auto_generated    ;              ;
+----------------------------------------------+-------------------+--------------+-------------------+--------------+---------+-----------+-----------+------+--------------+----------------------------------------------------------------------------------------+--------------+
Note: For table entries with two numbers listed, the numbers in parentheses indicate the number of resources of the given type used by the specific entity alone. The numbers listed outside of parentheses indicate the total resources of the given type used by the specific entity and all of its sub-entities in the hierarchy.


+--------------------------------------------------------------------------------------------------------------------------------------------------------------------------------------------------------+
; Analysis & Synthesis RAM Summary                                                                                                                                                                       ;
+---------------------------------------------------------------------------------------------+------+-------------+--------------+--------------+--------------+--------------+------+------------------+
; Name                                                                                        ; Type ; Mode        ; Port A Depth ; Port A Width ; Port B Depth ; Port B Width ; Size ; MIF              ;
+---------------------------------------------------------------------------------------------+------+-------------+--------------+--------------+--------------+--------------+------+------------------+
; lpm_ram_io:inst2|altram:sram|altsyncram:ram_block|altsyncram_17a1:auto_generated|ALTSYNCRAM ; AUTO ; Single Port ; 128          ; 6            ; --           ; --           ; 768  ; ./memory/ram.hex ;
; lpm_rom1:inst1|altsyncram:altsyncram_component|altsyncram_fk71:auto_generated|ALTSYNCRAM    ; AUTO ; ROM         ; 128          ; 6            ; --           ; --           ; 768  ; ./memory/rom.hex ;
+---------------------------------------------------------------------------------------------+------+-------------+--------------+--------------+--------------+--------------+------+------------------+


+------------------------------------------------------+
; General Register Statistics                          ;
+----------------------------------------------+-------+
; Statistic                                    ; Value ;
+----------------------------------------------+-------+
; Total registers                              ; 39    ;
; Number of registers using Synchronous Clear  ; 0     ;
; Number of registers using Synchronous Load   ; 7     ;
; Number of registers using Asynchronous Clear ; 0     ;
; Number of registers using Asynchronous Load  ; 0     ;
; Number of registers using Clock Enable       ; 0     ;
; Number of registers using Preset             ; 0     ;
+----------------------------------------------+-------+


+------------------------------------------------------------------------------+
; Source assignments for lpm_counter2:inst27|lpm_counter:lpm_counter_component ;
+---------------------------+-------+------+-----------------------------------+
; Assignment                ; Value ; From ; To                                ;
+---------------------------+-------+------+-----------------------------------+
; SUPPRESS_DA_RULE_INTERNAL ; a101  ; -    ; -                                 ;
; SUPPRESS_DA_RULE_INTERNAL ; s102  ; -    ; -                                 ;
; SUPPRESS_DA_RULE_INTERNAL ; s103  ; -    ; -                                 ;
+---------------------------+-------+------+-----------------------------------+


+--------------------------------------------------------------------------------+
; Source assignments for lpm_counter0:counter0|lpm_counter:lpm_counter_component ;
+---------------------------+-------+------+-------------------------------------+
; Assignment                ; Value ; From ; To                                  ;
+---------------------------+-------+------+-------------------------------------+
; SUPPRESS_DA_RULE_INTERNAL ; a101  ; -    ; -                                   ;
; SUPPRESS_DA_RULE_INTERNAL ; s102  ; -    ; -                                   ;
; SUPPRESS_DA_RULE_INTERNAL ; s103  ; -    ; -                                   ;
+---------------------------+-------+------+-------------------------------------+


+---------------------------------------------------------------------------------------------------------+
; Source assignments for LPM_RAM_IO:inst2|altram:sram|altsyncram:ram_block|altsyncram_17a1:auto_generated ;
+---------------------------------+--------------------+------+-------------------------------------------+
; Assignment                      ; Value              ; From ; To                                        ;
+---------------------------------+--------------------+------+-------------------------------------------+
; OPTIMIZE_POWER_DURING_SYNTHESIS ; NORMAL_COMPILATION ; -    ; -                                         ;
+---------------------------------+--------------------+------+-------------------------------------------+


+------------------------------------------------------------------------------------------------------+
; Source assignments for lpm_rom1:inst1|altsyncram:altsyncram_component|altsyncram_fk71:auto_generated ;
+---------------------------------+--------------------+------+----------------------------------------+
; Assignment                      ; Value              ; From ; To                                     ;
+---------------------------------+--------------------+------+----------------------------------------+
; OPTIMIZE_POWER_DURING_SYNTHESIS ; NORMAL_COMPILATION ; -    ; -                                      ;
+---------------------------------+--------------------+------+----------------------------------------+


+----------------------------------------------------------------------------------------------------+
; Parameter Settings for User Entity Instance: lpm_counter2:inst27|lpm_counter:lpm_counter_component ;
+------------------------+-------------+-------------------------------------------------------------+
; Parameter Name         ; Value       ; Type                                                        ;
+------------------------+-------------+-------------------------------------------------------------+
; AUTO_CARRY_CHAINS      ; ON          ; AUTO_CARRY                                                  ;
; IGNORE_CARRY_BUFFERS   ; OFF         ; IGNORE_CARRY                                                ;
; AUTO_CASCADE_CHAINS    ; ON          ; AUTO_CASCADE                                                ;
; IGNORE_CASCADE_BUFFERS ; OFF         ; IGNORE_CASCADE                                              ;
; LPM_WIDTH              ; 7           ; Untyped                                                     ;
; LPM_DIRECTION          ; UP          ; Untyped                                                     ;
; LPM_MODULUS            ; 0           ; Untyped                                                     ;
; LPM_AVALUE             ; UNUSED      ; Untyped                                                     ;
; LPM_SVALUE             ; UNUSED      ; Untyped                                                     ;
; LPM_PORT_UPDOWN        ; PORT_UNUSED ; Untyped                                                     ;
; DEVICE_FAMILY          ; Stratix II  ; Untyped                                                     ;
; CARRY_CHAIN            ; MANUAL      ; Untyped                                                     ;
; CARRY_CHAIN_LENGTH     ; 48          ; CARRY_CHAIN_LENGTH                                          ;
; NOT_GATE_PUSH_BACK     ; ON          ; NOT_GATE_PUSH_BACK                                          ;
; CARRY_CNT_EN           ; SMART       ; Untyped                                                     ;
; LABWIDE_SCLR           ; ON          ; Untyped                                                     ;
; USE_NEW_VERSION        ; TRUE        ; Untyped                                                     ;
; CBXI_PARAMETER         ; cntr_ali    ; Untyped                                                     ;
+------------------------+-------------+-------------------------------------------------------------+
Note: In order to hide this table in the UI and the text report file, please set the "Show Parameter Settings Tables in Synthesis Report" option in "Analysis and Synthesis Settings -> More Settings" to "Off".


+-----------------------------------------------------------------------------------------------+
; Parameter Settings for User Entity Instance: lpm_decode0:inst|lpm_decode:lpm_decode_component ;
+------------------------+------------+---------------------------------------------------------+
; Parameter Name         ; Value      ; Type                                                    ;
+------------------------+------------+---------------------------------------------------------+
; LPM_WIDTH              ; 4          ; Untyped                                                 ;
; LPM_DECODES            ; 16         ; Untyped                                                 ;
; LPM_PIPELINE           ; 1          ; Untyped                                                 ;
; CASCADE_CHAIN          ; MANUAL     ; Untyped                                                 ;
; DEVICE_FAMILY          ; Stratix II ; Untyped                                                 ;
; CBXI_PARAMETER         ; decode_67h ; Untyped                                                 ;
; AUTO_CARRY_CHAINS      ; ON         ; AUTO_CARRY                                              ;
; IGNORE_CARRY_BUFFERS   ; OFF        ; IGNORE_CARRY                                            ;
; AUTO_CASCADE_CHAINS    ; ON         ; AUTO_CASCADE                                            ;
; IGNORE_CASCADE_BUFFERS ; OFF        ; IGNORE_CASCADE                                          ;
+------------------------+------------+---------------------------------------------------------+
Note: In order to hide this table in the UI and the text report file, please set the "Show Parameter Settings Tables in Synthesis Report" option in "Analysis and Synthesis Settings -> More Settings" to "Off".


+------------------------------------------------------------------------------------------------------+
; Parameter Settings for User Entity Instance: lpm_counter0:counter0|lpm_counter:lpm_counter_component ;
+------------------------+-------------+---------------------------------------------------------------+
; Parameter Name         ; Value       ; Type                                                          ;
+------------------------+-------------+---------------------------------------------------------------+
; AUTO_CARRY_CHAINS      ; ON          ; AUTO_CARRY                                                    ;
; IGNORE_CARRY_BUFFERS   ; OFF         ; IGNORE_CARRY                                                  ;
; AUTO_CASCADE_CHAINS    ; ON          ; AUTO_CASCADE                                                  ;
; IGNORE_CASCADE_BUFFERS ; OFF         ; IGNORE_CASCADE                                                ;
; LPM_WIDTH              ; 4           ; Untyped                                                       ;
; LPM_DIRECTION          ; UP          ; Untyped                                                       ;
; LPM_MODULUS            ; 0           ; Untyped                                                       ;
; LPM_AVALUE             ; UNUSED      ; Untyped                                                       ;
; LPM_SVALUE             ; UNUSED      ; Untyped                                                       ;
; LPM_PORT_UPDOWN        ; PORT_UNUSED ; Untyped                                                       ;
; DEVICE_FAMILY          ; Stratix II  ; Untyped                                                       ;
; CARRY_CHAIN            ; MANUAL      ; Untyped                                                       ;
; CARRY_CHAIN_LENGTH     ; 48          ; CARRY_CHAIN_LENGTH                                            ;
; NOT_GATE_PUSH_BACK     ; ON          ; NOT_GATE_PUSH_BACK                                            ;
; CARRY_CNT_EN           ; SMART       ; Untyped                                                       ;
; LABWIDE_SCLR           ; ON          ; Untyped                                                       ;
; USE_NEW_VERSION        ; TRUE        ; Untyped                                                       ;
; CBXI_PARAMETER         ; cntr_qlh    ; Untyped                                                       ;
+------------------------+-------------+---------------------------------------------------------------+
Note: In order to hide this table in the UI and the text report file, please set the "Show Parameter Settings Tables in Synthesis Report" option in "Analysis and Synthesis Settings -> More Settings" to "Off".


+----------------------------------------------------------------------------------------+
; Parameter Settings for User Entity Instance: lpm_mux0:inst26|lpm_mux:lpm_mux_component ;
+------------------------+------------+--------------------------------------------------+
; Parameter Name         ; Value      ; Type                                             ;
+------------------------+------------+--------------------------------------------------+
; AUTO_CARRY_CHAINS      ; ON         ; AUTO_CARRY                                       ;
; IGNORE_CARRY_BUFFERS   ; OFF        ; IGNORE_CARRY                                     ;
; AUTO_CASCADE_CHAINS    ; ON         ; AUTO_CASCADE                                     ;
; IGNORE_CASCADE_BUFFERS ; OFF        ; IGNORE_CASCADE                                   ;
; LPM_WIDTH              ; 1          ; Untyped                                          ;
; LPM_SIZE               ; 2          ; Untyped                                          ;
; LPM_WIDTHS             ; 1          ; Untyped                                          ;
; LPM_PIPELINE           ; 0          ; Untyped                                          ;
; CBXI_PARAMETER         ; mux_nnc    ; Untyped                                          ;
; DEVICE_FAMILY          ; Stratix II ; Untyped                                          ;
+------------------------+------------+--------------------------------------------------+
Note: In order to hide this table in the UI and the text report file, please set the "Show Parameter Settings Tables in Synthesis Report" option in "Analysis and Synthesis Settings -> More Settings" to "Off".


+------------------------------------------------------------------------------------------------+
; Parameter Settings for User Entity Instance: lpm_bustri0:inst7|lpm_bustri:lpm_bustri_component ;
+----------------+-------+-----------------------------------------------------------------------+
; Parameter Name ; Value ; Type                                                                  ;
+----------------+-------+-----------------------------------------------------------------------+
; LPM_WIDTH      ; 6     ; Untyped                                                               ;
+----------------+-------+-----------------------------------------------------------------------+
Note: In order to hide this table in the UI and the text report file, please set the "Show Parameter Settings Tables in Synthesis Report" option in "Analysis and Synthesis Settings -> More Settings" to "Off".


+-------------------------------------------------------------------------------------+
; Parameter Settings for User Entity Instance: lpm_dff0:inst4|lpm_ff:lpm_ff_component ;
+------------------------+------------+-----------------------------------------------+
; Parameter Name         ; Value      ; Type                                          ;
+------------------------+------------+-----------------------------------------------+
; LPM_WIDTH              ; 6          ; Untyped                                       ;
; LPM_AVALUE             ; UNUSED     ; Untyped                                       ;
; LPM_SVALUE             ; UNUSED     ; Untyped                                       ;
; LPM_FFTYPE             ; DFF        ; Untyped                                       ;
; DEVICE_FAMILY          ; Stratix II ; Untyped                                       ;
; CBXI_PARAMETER         ; NOTHING    ; Untyped                                       ;
; AUTO_CARRY_CHAINS      ; ON         ; AUTO_CARRY                                    ;
; IGNORE_CARRY_BUFFERS   ; OFF        ; IGNORE_CARRY                                  ;
; AUTO_CASCADE_CHAINS    ; ON         ; AUTO_CASCADE                                  ;
; IGNORE_CASCADE_BUFFERS ; OFF        ; IGNORE_CASCADE                                ;
+------------------------+------------+-----------------------------------------------+
Note: In order to hide this table in the UI and the text report file, please set the "Show Parameter Settings Tables in Synthesis Report" option in "Analysis and Synthesis Settings -> More Settings" to "Off".


+------------------------------------------------------------------------------------------------+
; Parameter Settings for User Entity Instance: lpm_bustri0:inst8|lpm_bustri:lpm_bustri_component ;
+----------------+-------+-----------------------------------------------------------------------+
; Parameter Name ; Value ; Type                                                                  ;
+----------------+-------+-----------------------------------------------------------------------+
; LPM_WIDTH      ; 6     ; Untyped                                                               ;
+----------------+-------+-----------------------------------------------------------------------+
Note: In order to hide this table in the UI and the text report file, please set the "Show Parameter Settings Tables in Synthesis Report" option in "Analysis and Synthesis Settings -> More Settings" to "Off".


+-------------------------------------------------------------------------------------+
; Parameter Settings for User Entity Instance: lpm_dff0:inst6|lpm_ff:lpm_ff_component ;
+------------------------+------------+-----------------------------------------------+
; Parameter Name         ; Value      ; Type                                          ;
+------------------------+------------+-----------------------------------------------+
; LPM_WIDTH              ; 6          ; Untyped                                       ;
; LPM_AVALUE             ; UNUSED     ; Untyped                                       ;
; LPM_SVALUE             ; UNUSED     ; Untyped                                       ;
; LPM_FFTYPE             ; DFF        ; Untyped                                       ;
; DEVICE_FAMILY          ; Stratix II ; Untyped                                       ;
; CBXI_PARAMETER         ; NOTHING    ; Untyped                                       ;
; AUTO_CARRY_CHAINS      ; ON         ; AUTO_CARRY                                    ;
; IGNORE_CARRY_BUFFERS   ; OFF        ; IGNORE_CARRY                                  ;
; AUTO_CASCADE_CHAINS    ; ON         ; AUTO_CASCADE                                  ;
; IGNORE_CASCADE_BUFFERS ; OFF        ; IGNORE_CASCADE                                ;
+------------------------+------------+-----------------------------------------------+
Note: In order to hide this table in the UI and the text report file, please set the "Show Parameter Settings Tables in Synthesis Report" option in "Analysis and Synthesis Settings -> More Settings" to "Off".


+------------------------------------------------------------------------------------------------+
; Parameter Settings for User Entity Instance: lpm_bustri0:inst9|lpm_bustri:lpm_bustri_component ;
+----------------+-------+-----------------------------------------------------------------------+
; Parameter Name ; Value ; Type                                                                  ;
+----------------+-------+-----------------------------------------------------------------------+
; LPM_WIDTH      ; 6     ; Untyped                                                               ;
+----------------+-------+-----------------------------------------------------------------------+
Note: In order to hide this table in the UI and the text report file, please set the "Show Parameter Settings Tables in Synthesis Report" option in "Analysis and Synthesis Settings -> More Settings" to "Off".


+-------------------------------------------------------------------------------------+
; Parameter Settings for User Entity Instance: lpm_dff0:inst5|lpm_ff:lpm_ff_component ;
+------------------------+------------+-----------------------------------------------+
; Parameter Name         ; Value      ; Type                                          ;
+------------------------+------------+-----------------------------------------------+
; LPM_WIDTH              ; 6          ; Untyped                                       ;
; LPM_AVALUE             ; UNUSED     ; Untyped                                       ;
; LPM_SVALUE             ; UNUSED     ; Untyped                                       ;
; LPM_FFTYPE             ; DFF        ; Untyped                                       ;
; DEVICE_FAMILY          ; Stratix II ; Untyped                                       ;
; CBXI_PARAMETER         ; NOTHING    ; Untyped                                       ;
; AUTO_CARRY_CHAINS      ; ON         ; AUTO_CARRY                                    ;
; IGNORE_CARRY_BUFFERS   ; OFF        ; IGNORE_CARRY                                  ;
; AUTO_CASCADE_CHAINS    ; ON         ; AUTO_CASCADE                                  ;
; IGNORE_CASCADE_BUFFERS ; OFF        ; IGNORE_CASCADE                                ;
+------------------------+------------+-----------------------------------------------+
Note: In order to hide this table in the UI and the text report file, please set the "Show Parameter Settings Tables in Synthesis Report" option in "Analysis and Synthesis Settings -> More Settings" to "Off".


+---------------------------------------------------------------+
; Parameter Settings for User Entity Instance: LPM_RAM_IO:inst2 ;
+------------------------+------------------+-------------------+
; Parameter Name         ; Value            ; Type              ;
+------------------------+------------------+-------------------+
; LPM_WIDTH              ; 6                ; Untyped           ;
; LPM_WIDTHAD            ; 7                ; Untyped           ;
; LPM_NUMWORDS           ; 128              ; Untyped           ;
; LPM_INDATA             ; REGISTERED       ; Untyped           ;
; LPM_ADDRESS_CONTROL    ; REGISTERED       ; Untyped           ;
; LPM_OUTDATA            ; UNREGISTERED     ; Untyped           ;
; LPM_FILE               ; ./memory/ram.hex ; Untyped           ;
; USE_EAB                ; ON               ; Untyped           ;
; DEVICE_FAMILY          ; Stratix II       ; Untyped           ;
; AUTO_CARRY_CHAINS      ; ON               ; AUTO_CARRY        ;
; IGNORE_CARRY_BUFFERS   ; OFF              ; IGNORE_CARRY      ;
; AUTO_CASCADE_CHAINS    ; ON               ; AUTO_CASCADE      ;
; IGNORE_CASCADE_BUFFERS ; OFF              ; IGNORE_CASCADE    ;
+------------------------+------------------+-------------------+
Note: In order to hide this table in the UI and the text report file, please set the "Show Parameter Settings Tables in Synthesis Report" option in "Analysis and Synthesis Settings -> More Settings" to "Off".


+-------------------------------------------------------------------------------------------------+
; Parameter Settings for User Entity Instance: lpm_bustri0:inst11|lpm_bustri:lpm_bustri_component ;
+----------------+-------+------------------------------------------------------------------------+
; Parameter Name ; Value ; Type                                                                   ;
+----------------+-------+------------------------------------------------------------------------+
; LPM_WIDTH      ; 6     ; Untyped                                                                ;
+----------------+-------+------------------------------------------------------------------------+
Note: In order to hide this table in the UI and the text report file, please set the "Show Parameter Settings Tables in Synthesis Report" option in "Analysis and Synthesis Settings -> More Settings" to "Off".


+-------------------------------------------------------------+
; Parameter Settings for User Entity Instance: lpm_rom1:inst1 ;
+-----------------+-------+-----------------------------------+
; Parameter Name  ; Value ; Type                              ;
+-----------------+-------+-----------------------------------+
; WIDTH_BYTEENA_A ; 1     ; Untyped                           ;
; WIDTH_BYTEENA_B ; 1     ; Untyped                           ;
+-----------------+-------+-----------------------------------+
Note: In order to hide this table in the UI and the text report file, please set the "Show Parameter Settings Tables in Synthesis Report" option in "Analysis and Synthesis Settings -> More Settings" to "Off".


+---------------------------------------------------------------------------------------------+
; Parameter Settings for User Entity Instance: lpm_rom1:inst1|altsyncram:altsyncram_component ;
+------------------------------------+----------------------+---------------------------------+
; Parameter Name                     ; Value                ; Type                            ;
+------------------------------------+----------------------+---------------------------------+
; BYTE_SIZE_BLOCK                    ; 8                    ; Untyped                         ;
; AUTO_CARRY_CHAINS                  ; ON                   ; AUTO_CARRY                      ;
; IGNORE_CARRY_BUFFERS               ; OFF                  ; IGNORE_CARRY                    ;
; AUTO_CASCADE_CHAINS                ; ON                   ; AUTO_CASCADE                    ;
; IGNORE_CASCADE_BUFFERS             ; OFF                  ; IGNORE_CASCADE                  ;
; WIDTH_BYTEENA                      ; 1                    ; Untyped                         ;
; OPERATION_MODE                     ; ROM                  ; Untyped                         ;
; WIDTH_A                            ; 6                    ; Untyped                         ;
; WIDTHAD_A                          ; 7                    ; Untyped                         ;
; NUMWORDS_A                         ; 128                  ; Untyped                         ;
; OUTDATA_REG_A                      ; CLOCK0               ; Untyped                         ;
; ADDRESS_ACLR_A                     ; NONE                 ; Untyped                         ;
; OUTDATA_ACLR_A                     ; NONE                 ; Untyped                         ;
; WRCONTROL_ACLR_A                   ; NONE                 ; Untyped                         ;
; INDATA_ACLR_A                      ; NONE                 ; Untyped                         ;
; BYTEENA_ACLR_A                     ; NONE                 ; Untyped                         ;
; WIDTH_B                            ; 1                    ; Untyped                         ;
; WIDTHAD_B                          ; 1                    ; Untyped                         ;
; NUMWORDS_B                         ; 1                    ; Untyped                         ;
; INDATA_REG_B                       ; CLOCK1               ; Untyped                         ;
; WRCONTROL_WRADDRESS_REG_B          ; CLOCK1               ; Untyped                         ;
; RDCONTROL_REG_B                    ; CLOCK1               ; Untyped                         ;
; ADDRESS_REG_B                      ; CLOCK1               ; Untyped                         ;
; OUTDATA_REG_B                      ; UNREGISTERED         ; Untyped                         ;
; BYTEENA_REG_B                      ; CLOCK1               ; Untyped                         ;
; INDATA_ACLR_B                      ; NONE                 ; Untyped                         ;
; WRCONTROL_ACLR_B                   ; NONE                 ; Untyped                         ;
; ADDRESS_ACLR_B                     ; NONE                 ; Untyped                         ;
; OUTDATA_ACLR_B                     ; NONE                 ; Untyped                         ;
; RDCONTROL_ACLR_B                   ; NONE                 ; Untyped                         ;
; BYTEENA_ACLR_B                     ; NONE                 ; Untyped                         ;
; WIDTH_BYTEENA_A                    ; 1                    ; Untyped                         ;
; WIDTH_BYTEENA_B                    ; 1                    ; Untyped                         ;
; RAM_BLOCK_TYPE                     ; AUTO                 ; Untyped                         ;
; BYTE_SIZE                          ; 8                    ; Untyped                         ;
; READ_DURING_WRITE_MODE_MIXED_PORTS ; DONT_CARE            ; Untyped                         ;
; READ_DURING_WRITE_MODE_PORT_A      ; NEW_DATA_NO_NBE_READ ; Untyped                         ;
; READ_DURING_WRITE_MODE_PORT_B      ; NEW_DATA_NO_NBE_READ ; Untyped                         ;
; INIT_FILE                          ; ./memory/rom.hex     ; Untyped                         ;
; INIT_FILE_LAYOUT                   ; PORT_A               ; Untyped                         ;
; MAXIMUM_DEPTH                      ; 0                    ; Untyped                         ;
; CLOCK_ENABLE_INPUT_A               ; BYPASS               ; Untyped                         ;
; CLOCK_ENABLE_INPUT_B               ; NORMAL               ; Untyped                         ;
; CLOCK_ENABLE_OUTPUT_A              ; BYPASS               ; Untyped                         ;
; CLOCK_ENABLE_OUTPUT_B              ; NORMAL               ; Untyped                         ;
; CLOCK_ENABLE_CORE_A                ; USE_INPUT_CLKEN      ; Untyped                         ;
; CLOCK_ENABLE_CORE_B                ; USE_INPUT_CLKEN      ; Untyped                         ;
; ENABLE_ECC                         ; FALSE                ; Untyped                         ;
; DEVICE_FAMILY                      ; Stratix II           ; Untyped                         ;
; CBXI_PARAMETER                     ; altsyncram_fk71      ; Untyped                         ;
+------------------------------------+----------------------+---------------------------------+
Note: In order to hide this table in the UI and the text report file, please set the "Show Parameter Settings Tables in Synthesis Report" option in "Analysis and Synthesis Settings -> More Settings" to "Off".


+--------------------------------------------------------------------------------------------+
; altsyncram Parameter Settings by Entity Instance                                           ;
+-------------------------------------------+------------------------------------------------+
; Name                                      ; Value                                          ;
+-------------------------------------------+------------------------------------------------+
; Number of entity instances                ; 1                                              ;
; Entity Instance                           ; lpm_rom1:inst1|altsyncram:altsyncram_component ;
;     -- OPERATION_MODE                     ; ROM                                            ;
;     -- WIDTH_A                            ; 6                                              ;
;     -- NUMWORDS_A                         ; 128                                            ;
;     -- OUTDATA_REG_A                      ; CLOCK0                                         ;
;     -- WIDTH_B                            ; 1                                              ;
;     -- NUMWORDS_B                         ; 1                                              ;
;     -- ADDRESS_REG_B                      ; CLOCK1                                         ;
;     -- OUTDATA_REG_B                      ; UNREGISTERED                                   ;
;     -- RAM_BLOCK_TYPE                     ; AUTO                                           ;
;     -- READ_DURING_WRITE_MODE_MIXED_PORTS ; DONT_CARE                                      ;
+-------------------------------------------+------------------------------------------------+


+-------------------------------+
; Analysis & Synthesis Messages ;
+-------------------------------+
Info: *******************************************************************
Info: Running Quartus II Analysis & Synthesis
    Info: Version 9.1 Build 222 10/21/2009 SJ Web Edition
    Info: Processing started: Thu Oct 25 19:39:51 2018
Info: Command: quartus_map --read_settings_files=on --write_settings_files=off LAB3 -c LAB3
Info: Found 1 design units, including 1 entities, in source file lab3.bdf
    Info: Found entity 1: LAB3
Info: Elaborating entity "LAB3" for the top level hierarchy
Warning: Can't find a definition for parameter LPM_FILE -- assuming ./memory/ram.hex was intended to be a quoted string
Warning: Using design file lpm_counter2.tdf, which is not specified as a design file for the current project, but contains definitions for 1 design units and 1 entities in project
    Info: Found entity 1: lpm_counter2
Info: Elaborating entity "lpm_counter2" for hierarchy "lpm_counter2:inst27"
Info: Elaborating entity "lpm_counter" for hierarchy "lpm_counter2:inst27|lpm_counter:lpm_counter_component"
Info: Elaborated megafunction instantiation "lpm_counter2:inst27|lpm_counter:lpm_counter_component"
Info: Instantiated megafunction "lpm_counter2:inst27|lpm_counter:lpm_counter_component" with the following parameter:
    Info: Parameter "LPM_TYPE" = "LPM_COUNTER"
    Info: Parameter "LPM_WIDTH" = "7"
    Info: Parameter "LPM_DIRECTION" = "UP"
    Info: Parameter "LPM_PORT_UPDOWN" = "PORT_UNUSED"
Info: Found 1 design units, including 1 entities, in source file db/cntr_ali.tdf
    Info: Found entity 1: cntr_ali
Info: Elaborating entity "cntr_ali" for hierarchy "lpm_counter2:inst27|lpm_counter:lpm_counter_component|cntr_ali:auto_generated"
Warning: Using design file lpm_decode0.tdf, which is not specified as a design file for the current project, but contains definitions for 1 design units and 1 entities in project
    Info: Found entity 1: lpm_decode0
Info: Elaborating entity "lpm_decode0" for hierarchy "lpm_decode0:inst"
Info: Elaborating entity "lpm_decode" for hierarchy "lpm_decode0:inst|lpm_decode:lpm_decode_component"
Info: Elaborated megafunction instantiation "lpm_decode0:inst|lpm_decode:lpm_decode_component"
Info: Instantiated megafunction "lpm_decode0:inst|lpm_decode:lpm_decode_component" with the following parameter:
    Info: Parameter "LPM_TYPE" = "LPM_DECODE"
    Info: Parameter "LPM_WIDTH" = "4"
    Info: Parameter "LPM_DECODES" = "16"
    Info: Parameter "LPM_PIPELINE" = "1"
Info: Found 1 design units, including 1 entities, in source file db/decode_67h.tdf
    Info: Found entity 1: decode_67h
Info: Elaborating entity "decode_67h" for hierarchy "lpm_decode0:inst|lpm_decode:lpm_decode_component|decode_67h:auto_generated"
Warning: Using design file lpm_counter0.tdf, which is not specified as a design file for the current project, but contains definitions for 1 design units and 1 entities in project
    Info: Found entity 1: lpm_counter0
Info: Elaborating entity "lpm_counter0" for hierarchy "lpm_counter0:counter0"
Info: Elaborating entity "lpm_counter" for hierarchy "lpm_counter0:counter0|lpm_counter:lpm_counter_component"
Info: Elaborated megafunction instantiation "lpm_counter0:counter0|lpm_counter:lpm_counter_component"
Info: Instantiated megafunction "lpm_counter0:counter0|lpm_counter:lpm_counter_component" with the following parameter:
    Info: Parameter "LPM_TYPE" = "LPM_COUNTER"
    Info: Parameter "LPM_WIDTH" = "4"
    Info: Parameter "LPM_DIRECTION" = "UP"
    Info: Parameter "LPM_PORT_UPDOWN" = "PORT_UNUSED"
Info: Found 1 design units, including 1 entities, in source file db/cntr_qlh.tdf
    Info: Found entity 1: cntr_qlh
Info: Elaborating entity "cntr_qlh" for hierarchy "lpm_counter0:counter0|lpm_counter:lpm_counter_component|cntr_qlh:auto_generated"
Warning: Using design file lpm_mux0.tdf, which is not specified as a design file for the current project, but contains definitions for 1 design units and 1 entities in project
    Info: Found entity 1: lpm_mux0
Info: Elaborating entity "lpm_mux0" for hierarchy "lpm_mux0:inst26"
Info: Elaborating entity "lpm_mux" for hierarchy "lpm_mux0:inst26|lpm_mux:lpm_mux_component"
Info: Elaborated megafunction instantiation "lpm_mux0:inst26|lpm_mux:lpm_mux_component"
Info: Instantiated megafunction "lpm_mux0:inst26|lpm_mux:lpm_mux_component" with the following parameter:
    Info: Parameter "LPM_TYPE" = "LPM_MUX"
    Info: Parameter "LPM_WIDTH" = "1"
    Info: Parameter "LPM_SIZE" = "2"
    Info: Parameter "LPM_WIDTHS" = "1"
Info: Found 1 design units, including 1 entities, in source file db/mux_nnc.tdf
    Info: Found entity 1: mux_nnc
Info: Elaborating entity "mux_nnc" for hierarchy "lpm_mux0:inst26|lpm_mux:lpm_mux_component|mux_nnc:auto_generated"
Warning: Using design file lpm_bustri0.tdf, which is not specified as a design file for the current project, but contains definitions for 1 design units and 1 entities in project
    Info: Found entity 1: lpm_bustri0
Info: Elaborating entity "lpm_bustri0" for hierarchy "lpm_bustri0:inst7"
Info: Elaborating entity "lpm_bustri" for hierarchy "lpm_bustri0:inst7|lpm_bustri:lpm_bustri_component"
Info: Elaborated megafunction instantiation "lpm_bustri0:inst7|lpm_bustri:lpm_bustri_component"
Info: Instantiated megafunction "lpm_bustri0:inst7|lpm_bustri:lpm_bustri_component" with the following parameter:
    Info: Parameter "LPM_TYPE" = "LPM_BUSTRI"
    Info: Parameter "LPM_WIDTH" = "6"
Warning: Using design file lpm_dff0.tdf, which is not specified as a design file for the current project, but contains definitions for 1 design units and 1 entities in project
    Info: Found entity 1: lpm_dff0
Info: Elaborating entity "lpm_dff0" for hierarchy "lpm_dff0:inst4"
Info: Elaborating entity "lpm_ff" for hierarchy "lpm_dff0:inst4|lpm_ff:lpm_ff_component"
Info: Elaborated megafunction instantiation "lpm_dff0:inst4|lpm_ff:lpm_ff_component"
Info: Instantiated megafunction "lpm_dff0:inst4|lpm_ff:lpm_ff_component" with the following parameter:
    Info: Parameter "LPM_TYPE" = "LPM_FF"
    Info: Parameter "LPM_WIDTH" = "6"
    Info: Parameter "LPM_FFTYPE" = "DFF"
Info: Elaborating entity "LPM_RAM_IO" for hierarchy "LPM_RAM_IO:inst2"
Info: Elaborated megafunction instantiation "LPM_RAM_IO:inst2"
Info: Instantiated megafunction "LPM_RAM_IO:inst2" with the following parameter:
    Info: Parameter "LPM_ADDRESS_CONTROL" = "REGISTERED"
    Info: Parameter "LPM_FILE" = "./memory/ram.hex"
    Info: Parameter "LPM_INDATA" = "REGISTERED"
    Info: Parameter "LPM_OUTDATA" = "UNREGISTERED"
    Info: Parameter "LPM_WIDTH" = "6"
    Info: Parameter "LPM_WIDTHAD" = "7"
Info: Elaborating entity "altram" for hierarchy "LPM_RAM_IO:inst2|altram:sram"
Warning: Assertion warning: altram does not support Stratix II device family -- attempting best-case memory conversions, but power-up states and read during write behavior will be different for Stratix II devices
Info: Elaborated megafunction instantiation "LPM_RAM_IO:inst2|altram:sram", which is child of megafunction instantiation "LPM_RAM_IO:inst2"
Info: Elaborating entity "altsyncram" for hierarchy "LPM_RAM_IO:inst2|altram:sram|altsyncram:ram_block"
Info: Elaborated megafunction instantiation "LPM_RAM_IO:inst2|altram:sram|altsyncram:ram_block", which is child of megafunction instantiation "LPM_RAM_IO:inst2"
Info: Found 1 design units, including 1 entities, in source file db/altsyncram_17a1.tdf
    Info: Found entity 1: altsyncram_17a1
Info: Elaborating entity "altsyncram_17a1" for hierarchy "LPM_RAM_IO:inst2|altram:sram|altsyncram:ram_block|altsyncram_17a1:auto_generated"
Warning: Using design file lpm_rom1.tdf, which is not specified as a design file for the current project, but contains definitions for 1 design units and 1 entities in project
    Info: Found entity 1: lpm_rom1
Info: Elaborating entity "lpm_rom1" for hierarchy "lpm_rom1:inst1"
Info: Elaborating entity "altsyncram" for hierarchy "lpm_rom1:inst1|altsyncram:altsyncram_component"
Info: Elaborated megafunction instantiation "lpm_rom1:inst1|altsyncram:altsyncram_component"
Info: Instantiated megafunction "lpm_rom1:inst1|altsyncram:altsyncram_component" with the following parameter:
    Info: Parameter "LPM_TYPE" = "altsyncram"
    Info: Parameter "LPM_HINT" = "ENABLE_RUNTIME_MOD=NO"
    Info: Parameter "INTENDED_DEVICE_FAMILY" = "Stratix II"
    Info: Parameter "OPERATION_MODE" = "ROM"
    Info: Parameter "WIDTH_A" = "6"
    Info: Parameter "WIDTHAD_A" = "7"
    Info: Parameter "NUMWORDS_A" = "128"
    Info: Parameter "OUTDATA_REG_A" = "CLOCK0"
    Info: Parameter "OUTDATA_ACLR_A" = "NONE"
    Info: Parameter "INIT_FILE" = "./memory/rom.hex"
    Info: Parameter "WIDTH_BYTEENA_A" = "1"
    Info: Parameter "CLOCK_ENABLE_INPUT_A" = "BYPASS"
    Info: Parameter "CLOCK_ENABLE_OUTPUT_A" = "BYPASS"
Info: Found 1 design units, including 1 entities, in source file db/altsyncram_fk71.tdf
    Info: Found entity 1: altsyncram_fk71
Info: Elaborating entity "altsyncram_fk71" for hierarchy "lpm_rom1:inst1|altsyncram:altsyncram_component|altsyncram_fk71:auto_generated"
Warning: Tri-state node(s) do not directly drive top-level pin(s)
    Warning: Converted the fan-out from the tri-state buffer "lpm_ram_io:inst2|datatri[5]" to the node "lpm_dff0:inst4|lpm_ff:lpm_ff_component|dffs[5]" into an OR gate
    Warning: Converted the fan-out from the tri-state buffer "lpm_ram_io:inst2|datatri[4]" to the node "lpm_dff0:inst4|lpm_ff:lpm_ff_component|dffs[4]" into an OR gate
    Warning: Converted the fan-out from the tri-state buffer "lpm_ram_io:inst2|datatri[3]" to the node "lpm_dff0:inst4|lpm_ff:lpm_ff_component|dffs[3]" into an OR gate
    Warning: Converted the fan-out from the tri-state buffer "lpm_ram_io:inst2|datatri[2]" to the node "lpm_dff0:inst4|lpm_ff:lpm_ff_component|dffs[2]" into an OR gate
    Warning: Converted the fan-out from the tri-state buffer "lpm_ram_io:inst2|datatri[1]" to the node "lpm_dff0:inst4|lpm_ff:lpm_ff_component|dffs[1]" into an OR gate
    Warning: Converted the fan-out from the tri-state buffer "lpm_ram_io:inst2|datatri[0]" to the node "lpm_dff0:inst4|lpm_ff:lpm_ff_component|dffs[0]" into an OR gate
Info: Implemented 97 device resources after synthesis - the final resource count might be different
    Info: Implemented 9 input pins
    Info: Implemented 13 output pins
    Info: Implemented 63 logic cells
    Info: Implemented 12 RAM segments
Info: Quartus II Analysis & Synthesis was successful. 0 errors, 16 warnings
    Info: Peak virtual memory: 254 megabytes
    Info: Processing ended: Thu Oct 25 19:39:55 2018
    Info: Elapsed time: 00:00:04
    Info: Total CPU time (on all processors): 00:00:03


